已經開始建置於 2011/6/12 上午 11:49:56。
     1>節點 2 (build 目標) 上的專案 "D:\Documents and Settings\shadeel\桌面\影像處理\FinalProject\FinalProject\FinalProject\FinalProject.vcxproj"。
     1>InitializeBuildStatus:
         由於指定了 "AlwaysCreate"，因此正在建立 "Debug\FinalProject.unsuccessfulbuild"。
       GenerateTargetFrameworkMonikerAttribute:
       將略過目標 "GenerateTargetFrameworkMonikerAttribute"，因為所有輸出檔對於其輸入檔而言都已更新。
       ClCompile:
         所有輸出都是最新的。
         d:\Program Files\Microsoft Visual Studio 10.0\VC\bin\CL.exe /c /AI"D:\Program Files\Reference Assemblies\Microsoft\Framework\.NETFramework\v4.0" /Zi /clr:pure /nologo /W3 /WX- /Od /Oy- /D WIN32 /D _DEBUG /D _UNICODE /D UNICODE /EHa /MDd /GS /fp:precise /Zc:wchar_t /Zc:forScope /Yu"StdAfx.h" /Fp"Debug\FinalProject.pch" /Fo"Debug\\" /Fd"Debug\vc100.pdb" /TP /FU"D:\Program Files\Reference Assemblies\Microsoft\Framework\.NETFramework\v4.0\System.Core.dll" /FU"D:\Program Files\Reference Assemblies\Microsoft\Framework\.NETFramework\v4.0\System.Data.dll" /FU"D:\Program Files\Reference Assemblies\Microsoft\Framework\.NETFramework\v4.0\System.dll" /FU"D:\Program Files\Reference Assemblies\Microsoft\Framework\.NETFramework\v4.0\System.Drawing.dll" /FU"D:\Program Files\Reference Assemblies\Microsoft\Framework\.NETFramework\v4.0\System.Windows.Forms.dll" /FU"D:\Program Files\Reference Assemblies\Microsoft\Framework\.NETFramework\v4.0\System.Xml.dll" /analyze- /errorReport:prompt FinalProject.cpp /clr:nostdlib 
         FinalProject.cpp
     1>d:\documents and settings\shadeel\桌面\影像處理\finalproject\finalproject\finalproject\Form1.h(265): warning C4965: 整數 0 的隱含 Box，請使用 nullptr 或明確轉型
     1>d:\documents and settings\shadeel\桌面\影像處理\finalproject\finalproject\finalproject\Form1.h(266): warning C4965: 整數 0 的隱含 Box，請使用 nullptr 或明確轉型
     1>d:\documents and settings\shadeel\桌面\影像處理\finalproject\finalproject\finalproject\Form1.h(267): warning C4965: 整數 0 的隱含 Box，請使用 nullptr 或明確轉型
     1>d:\documents and settings\shadeel\桌面\影像處理\finalproject\finalproject\finalproject\Form1.h(277): warning C4965: 整數 0 的隱含 Box，請使用 nullptr 或明確轉型
     1>d:\documents and settings\shadeel\桌面\影像處理\finalproject\finalproject\finalproject\Form1.h(278): warning C4965: 整數 0 的隱含 Box，請使用 nullptr 或明確轉型
     1>d:\documents and settings\shadeel\桌面\影像處理\finalproject\finalproject\finalproject\Form1.h(279): warning C4965: 整數 0 的隱含 Box，請使用 nullptr 或明確轉型
         所有輸出都是最新的。
       CoreResGen:
         所有輸出都是最新的。
       ResourceCompile:
         所有輸出都是最新的。
       Link:
         d:\Program Files\Microsoft Visual Studio 10.0\VC\bin\link.exe /ERRORREPORT:PROMPT /OUT:"D:\Documents and Settings\shadeel\桌面\影像處理\FinalProject\FinalProject\Debug\FinalProject.exe" /INCREMENTAL /NOLOGO /ASSEMBLYRESOURCE:Debug\FinalProject.Form1.resources /MANIFEST /ManifestFile:"Debug\FinalProject.exe.intermediate.manifest" /MANIFESTUAC:"level='asInvoker' uiAccess='false'" /DEBUG /PDB:"D:\Documents and Settings\shadeel\桌面\影像處理\FinalProject\FinalProject\Debug\FinalProject.pdb" /ASSEMBLYDEBUG /SUBSYSTEM:WINDOWS /TLBID:1 /ENTRY:"main" /DYNAMICBASE /FIXED:NO /NXCOMPAT /MACHINE:X86 Debug\app.res
         Debug\AssemblyInfo.obj
         Debug\FinalProject.obj
         Debug\stdafx.obj
         "Debug\.NETFramework,Version=v4.0.AssemblyAttributes.obj"
         FinalProject.vcxproj -> D:\Documents and Settings\shadeel\桌面\影像處理\FinalProject\FinalProject\Debug\FinalProject.exe
       Manifest:
         d:\Program Files\Microsoft SDKs\Windows\v7.0A\bin\mt.exe /nologo /verbose /outputresource:"D:\Documents and Settings\shadeel\桌面\影像處理\FinalProject\FinalProject\Debug\FinalProject.exe;#1" /manifest Debug\FinalProject.exe.intermediate.manifest
       FinalizeBuildStatus:
         正在刪除檔案 "Debug\FinalProject.unsuccessfulbuild"。
         正在變更時間戳記 "Debug\FinalProject.lastbuildstate"。
     1>專案 "D:\Documents and Settings\shadeel\桌面\影像處理\FinalProject\FinalProject\FinalProject\FinalProject.vcxproj" (build 目標) 建置完成。

建置成功。

經過時間 00:00:04.85
